tp1q3
0
3134782
2015-10-27 19:49:18
[0] -63120
[0]   -63120    -5583 -8280935        3
[0]    -63120     -5583  -8280935         3    -40593  -3877432      -902
[7]    404661 220750935        -2
 [0]     -63120      -5583   -8280935          3     -40593   -3877432       -902
 [7]     404661  220750935         -2       -109    6242913   -4128923 -906743187
[14]    -431090 -543833789       2389   14753538         -2      -5967
 [0]     -63120      -5583   -8280935          3     -40593   -3877432       -902
 [7]     404661  220750935         -2       -109    6242913   -4128923 -906743187
[14]    -431090 -543833789       2389   14753538         -2      -5967       8779
[21]    -503824         71   57854604      60556         -3       -272         21
[28]     301319         10         -1        -31         -7          0         81
[35]     -13962  -10959335      13374 1849210212      15830   -7161607        990
[42]          0     -66586    -672750         -4        493   -2842740     -32199
[49]         -2        708          4     818732   -6380519          7         23
[56] -768567483         -3       -494          4     -14019     -41600    1087621
[63]   -7826919         -5        570  -38276226        -29   -7776090    -682242
[70]     128336        107    1463929        127      -3993   27883923     425075
[77]          0  -48044315     335155        448 1887362067      16041    -259219
[84]       -556          0      -1221      -1502      -1060     -25508  390768465
[91]   -4799912         -1       -164   -3846254      88545       7963         -1
[98]     251625  203015342
  [0]     -63120      -5583   -8280935          3     -40593   -3877432       -902
  [7]     404661  220750935         -2       -109    6242913   -4128923 -906743187
 [14]    -431090 -543833789       2389   14753538         -2      -5967       8779
 [21]    -503824         71   57854604      60556         -3       -272         21
 [28]     301319         10         -1        -31         -7          0         81
 [35]     -13962  -10959335      13374 1849210212      15830   -7161607        990
 [42]          0     -66586    -672750         -4        493   -2842740     -32199
 [49]         -2        708          4     818732   -6380519          7         23
 [56] -768567483         -3       -494          4     -14019     -41600    1087621
 [63]   -7826919         -5        570  -38276226        -29   -7776090    -682242
 [70]     128336        107    1463929        127      -3993   27883923     425075
 [77]          0  -48044315     335155        448 1887362067      16041    -259219
 [84]       -556          0      -1221      -1502      -1060     -25508  390768465
 [91]   -4799912         -1       -164   -3846254      88545       7963         -1
 [98]     251625  203015342 -684229109
